2025-07-23T12:10:01.642Z - GET //citoyens/1234567890 - 404 - 26ms
2025-07-23T12:10:14.860Z - GET /citoyens/1234567890 - 404 - 2ms
2025-07-23T12:10:19.045Z - GET /citoyens/1234567890 - 404 - 2ms
2025-07-23T12:10:22.242Z - GET /citoyens/1234567890 - 404 - 2ms
2025-07-23T12:13:50.450Z - GET /api/citoyens/1234567890 - 200 - 2309ms
2025-07-23T12:13:50.609Z - GET /favicon.ico - 404 - 2ms
2025-07-23T16:37:01.399Z - POST /api/clients - 404 - 11ms
2025-07-23T16:37:37.343Z - POST /clients - 404 - 1ms
2025-07-23T16:38:51.052Z - POST /api - 404 - 4ms
2025-07-23T16:40:11.976Z - POST /api - 404 - 3ms
2025-07-23T16:43:20.346Z - POST / - 404 - 1ms
2025-07-23T16:44:56.625Z - POST /api - 404 - 3ms
2025-07-23T16:45:07.462Z - POST / - 404 - 2ms
2025-07-23T16:49:58.212Z - POST / - 404 - 1ms
2025-07-23T16:50:46.665Z - POST /clients - 404 - 2ms
2025-07-23T16:52:27.906Z - GET / - 404 - 5ms
2025-07-23T16:52:40.892Z - GET /clients - 404 - 2ms
2025-07-23T16:54:02.011Z - POST /clients - 404 - 0ms
2025-07-23T16:55:03.652Z - POST /clients - 404 - 2ms
2025-07-23T16:55:53.532Z - POST /clients - 404 - 2ms
2025-07-23T16:56:58.548Z - POST /clients - 404 - 1ms
2025-07-23T17:00:25.139Z - GET /clients - 404 - 0ms
2025-07-23T17:03:11.722Z - GET /gestion-clients/clients - 404 - 1ms
2025-07-23T17:05:17.022Z - GET /clients - 404 - 0ms
2025-07-23T17:08:47.435Z - GET /clients - 404 - 1ms
2025-07-23T17:11:14.822Z - GET /clients - 404 - 1ms
2025-07-23T17:11:21.791Z - GET /clients/ - 404 - 2ms
2025-07-23T17:11:57.890Z - GET /clients/add - 404 - 2ms
2025-07-23T17:12:07.176Z - POST /clients/add - 404 - 0ms
2025-07-23T17:13:58.153Z - GET / - 404 - 5ms
2025-07-23T17:14:26.385Z - GET / - 404 - 8ms
2025-07-23T17:16:45.147Z - POST /clients/add - 404 - 0ms
2025-07-23T17:32:32.686Z - POST /clients/add - 404 - 8ms
2025-07-23T17:33:11.714Z - POST /clients - 404 - 1ms
2025-07-23T17:34:09.154Z - POST /clients - 404 - 1ms
2025-07-23T18:45:27.388Z - POST /clients - 404 - 5ms
2025-07-23T18:45:33.730Z - POST /clients - 404 - 2ms
2025-07-23T18:45:52.285Z - POST /clients - 404 - 0ms
2025-07-23T19:04:53.157Z - GET /clients - 404 - 10ms
2025-07-23T19:11:15.189Z - POST /clients - 404 - 1ms
2025-07-23T19:21:14.322Z - GET /clients - 404 - 3ms
2025-07-23T19:35:27.816Z - POST /clients - 404 - 6ms
2025-07-23T19:36:58.353Z - POST /clients - 404 - 1ms
2025-07-23T22:18:05.458Z - POST /clients - 404 - 4ms
2025-07-23T22:30:25.556Z - POST /clients - 404 - 6ms
2025-07-25T16:03:11.404Z - GET /9876543210 - 404 - 52ms
2025-07-25T16:03:17.835Z - GET /9876543210 - 404 - 3ms
2025-07-25T16:03:19.277Z - GET /9876543210 - 404 - 1ms
2025-07-25T16:04:22.502Z - GET /citoyens/9876543210 - 404 - 1ms
2025-07-25T16:04:50.230Z - GET /api/citoyens/9876543210 - 200 - 2903ms
2025-07-25T16:07:08.241Z - GET /api/citoyens/1122334455 - 200 - 391ms
2025-07-26T15:45:32.259Z - GET /api/citoyens/1122334455 - 200 - 1572ms
2025-08-07T16:38:01.933Z - GET /citoyens/1234567890 - 404 - 17ms
2025-08-07T16:38:22.061Z - GET /api/citoyens/1234567890 - 200 - 2716ms
2025-08-07T16:38:22.150Z - GET /favicon.ico - 404 - 2ms
2025-08-07T17:07:15.744Z - GET /api/citoyens/1234567890 - 304 - 1106ms
2025-08-07T17:07:15.836Z - GET /favicon.ico - 404 - 4ms
2025-08-07T17:11:54.961Z - POST /api/citoyens/1234567890 - 404 - 2ms
2025-08-07T17:12:52.208Z - GET /api/citoyens/1234567890 - 200 - 1185ms
2025-08-07T17:19:30.348Z - GET /api/citoyens/1234567890 - 200 - 499ms
2025-08-07T17:29:56.914Z - GET /api/citoyens/1234567890 - 200 - 551ms
2025-08-07T17:31:34.278Z - GET /api/citoyens/1234567890 - 200 - 256ms
2025-08-07T17:33:16.850Z - GET /api/citoyens/1234567890 - 200 - 314ms
2025-08-07T17:38:49.016Z - GET /api/citoyens/1234567890 - 200 - 774ms
2025-08-07T17:40:24.851Z - GET /api/citoyens/1234567890 - 200 - 293ms
2025-08-07T18:37:41.335Z - GET /api/citoyens/1234567890 - 200 - 1408ms
2025-08-07T18:38:30.458Z - GET /api/citoyens/123456789025 - 404 - 292ms
